20240603	15:19:58	253b548f-7917-471e-b89d-292294a95231	POST	/auth/logout	http://localhost:5173
20240603	15:20:03	7a1dd3f9-5976-4ae9-be66-6fe687ae5da1	OPTIONS	/auth	http://localhost:5173
20240603	15:20:03	89dc4c02-f45f-454b-8952-9b48e7e0af29	POST	/auth	http://localhost:5173
20240603	15:20:04	834b386e-06e5-4e10-9d44-f617b8a45d9f	OPTIONS	/orders	http://localhost:5173
20240603	15:20:04	b54a4990-ed3b-4a10-941e-27ecbe8e9969	OPTIONS	/users	http://localhost:5173
20240603	15:20:04	f57de497-ed34-4b72-afa4-956d63cbe82c	OPTIONS	/reviews	http://localhost:5173
20240603	15:20:04	0819deb5-76b8-42f5-a7e1-81cfa12ad4aa	GET	/orders	http://localhost:5173
20240603	15:20:04	ffdc0bcb-bec9-4914-b366-f4fb656348a1	GET	/users	http://localhost:5173
20240603	15:20:04	3c6aa4a1-c466-49e4-a6ab-e65f5bc01c4b	GET	/reviews	http://localhost:5173
20240603	15:20:04	e228bd53-f08a-4176-8bdf-58938cdc9912	GET	/users	http://localhost:5173
20240603	15:20:05	957e4a60-9772-44c1-b627-4ce2de2e42c2	GET	/orders	http://localhost:5173
20240603	15:20:05	7d791389-0718-4b73-9c4a-bbf971542b3b	GET	/reviews	http://localhost:5173
20240603	15:20:06	c6349fae-045a-4f63-85d4-ce68c01216ad	GET	/orders	http://localhost:5173
20240603	15:20:06	0a8335a1-d823-4bb9-b8fd-53c27d7fa7ae	GET	/users	http://localhost:5173
20240603	15:20:10	9d3158a2-6c99-408b-b43b-cc5e265c912e	OPTIONS	/users	http://localhost:5173
20240603	15:20:10	4cbb8907-cf8c-46a0-b5e1-0ac678e884da	GET	/users	http://localhost:5173
20240603	15:20:17	414b8eaf-8f70-40cd-b53c-01159f24c075	OPTIONS	/users	http://localhost:5173
20240603	15:20:17	8a35313a-cbc1-49fe-a1af-9ffaf4d7d253	PATCH	/users	http://localhost:5173
20240603	15:20:17	e755e0a5-df61-439d-a41a-87c9d2e7ae36	GET	/users	http://localhost:5173
20240603	15:20:21	ec64575d-5426-471e-840a-f82bc77b5fe6	OPTIONS	/orders	http://localhost:5173
20240603	15:20:21	9d25b715-63ca-403e-9ae3-6235af9b4d6f	GET	/orders	http://localhost:5173
20240603	15:20:21	18ee34b9-72b1-44b3-bb0c-401ffcc05f97	OPTIONS	/reviews	http://localhost:5173
20240603	15:20:21	cb9f8506-5e57-4d4f-b551-f0de7989d59b	GET	/reviews	http://localhost:5173
20240603	15:20:25	b7e8f76f-9f3f-4ee0-a2b9-819e97b4ca11	POST	/auth/logout	http://localhost:5173
20240603	15:25:22	f11f5409-c16f-4adc-b322-13062f4a8c03	OPTIONS	/auth	http://localhost:5173
20240603	15:25:22	e1bef6a7-6168-474b-a5f8-7f1a8040151c	POST	/auth	http://localhost:5173
20240603	15:25:23	6dc23be3-6328-4afd-bdc4-7b025942258d	OPTIONS	/orders	http://localhost:5173
20240603	15:25:23	b0c94177-7454-40ba-baaf-8ac18484eee9	OPTIONS	/users	http://localhost:5173
20240603	15:25:23	fba7107e-3009-4335-b339-88852da12401	OPTIONS	/reviews	http://localhost:5173
20240603	15:25:23	b107e134-84a8-42cb-8622-07f9418be1da	GET	/orders	http://localhost:5173
20240603	15:25:23	c4ed6146-0251-4764-bf1b-016496e2c047	GET	/users	http://localhost:5173
20240603	15:25:23	9c46a853-9b43-4c2e-bba3-79806f36603e	GET	/reviews	http://localhost:5173
20240603	15:25:24	8bf9f612-bfa2-4067-be27-85069f1803bb	GET	/users	http://localhost:5173
20240603	15:25:24	9d60d3c5-c60e-4c47-8bde-8ea451e2817e	GET	/orders	http://localhost:5173
20240603	15:25:25	0fe529fa-fa8d-4121-bc27-dd28c2f52b57	GET	/reviews	http://localhost:5173
20240603	15:25:25	6f49b327-0000-4f3c-a9e7-6b6229903672	POST	/auth/logout	http://localhost:5173
20240603	15:25:36	893a8fbb-51f2-45fa-998f-4b51ab2315a3	OPTIONS	/auth	http://localhost:5173
20240603	15:25:36	76325c02-f473-485f-85e9-f08fbc07bfb8	POST	/auth	http://localhost:5173
20240603	15:25:36	bc8830a6-750b-441a-9655-978ee0ff5417	OPTIONS	/orders	http://localhost:5173
20240603	15:25:36	5870a16f-d5fa-4088-a586-34c5431cc0a3	OPTIONS	/users	http://localhost:5173
20240603	15:25:36	8cbd6de5-ec10-4998-821f-302fd1d83fc1	OPTIONS	/reviews	http://localhost:5173
20240603	15:25:36	d1061c66-da86-4f0e-b9f5-789b22235e95	GET	/orders	http://localhost:5173
20240603	15:25:36	0cd056ce-ca1f-450e-87ab-54262466deb9	GET	/users	http://localhost:5173
20240603	15:25:36	29749f70-62bf-4182-8e68-4bf4d5f1d302	GET	/reviews	http://localhost:5173
20240603	15:25:37	8a792287-dff8-4de9-ae4c-13df943ba58c	GET	/users	http://localhost:5173
20240603	15:25:37	3aea7f80-6aec-4c07-a805-0e345fa2777c	GET	/orders	http://localhost:5173
20240603	15:25:38	f2878279-0c1c-4d1b-9618-2996719adf27	GET	/reviews	http://localhost:5173
20240603	15:25:39	8ce847fd-09a7-4d9f-983a-2250770ff508	GET	/reviews	http://localhost:5173
20240603	15:25:39	e18bcb4e-9ecc-4103-9b2d-71c0778ca1a8	GET	/orders	http://localhost:5173
20240603	15:25:39	26d431fa-2324-4b90-b72a-8a2fa8799dd3	GET	/users	http://localhost:5173
20240603	15:25:42	694e3f03-d332-4855-950b-2a896c2d2cb5	OPTIONS	/users	http://localhost:5173
20240603	15:25:42	c42229ba-a7c6-4ca2-ab10-a5665409bb2b	GET	/users	http://localhost:5173
20240603	15:25:44	bf6db887-bcef-4040-b8bd-2b5f46fc4ed7	GET	/users	http://localhost:5173
20240603	15:25:55	3470d0e8-c26f-40a6-8a10-e92733d9eb72	OPTIONS	/auth	http://localhost:5173
20240603	15:25:55	7815fa66-1586-44dc-a178-25c28309b781	POST	/auth	http://localhost:5173
20240603	15:25:55	6fddd39b-139c-41f9-b11f-9ec494cee0ed	OPTIONS	/orders	http://localhost:5173
20240603	15:25:55	c01e5da6-a45d-4a05-98cf-ed73ab7046ce	OPTIONS	/reviews	http://localhost:5173
20240603	15:25:55	28f9ea43-2093-471a-9ff5-aaafa924530b	OPTIONS	/users	http://localhost:5173
20240603	15:25:55	409674af-37ce-4d88-a4e3-4821c24e206e	GET	/orders	http://localhost:5173
20240603	15:25:55	7b81dd1c-7e12-4cd7-bf29-7def32e1ef47	GET	/reviews	http://localhost:5173
20240603	15:25:55	f075d7b7-5115-41a0-bbac-eb84c25c931b	GET	/users	http://localhost:5173
20240603	15:25:56	f61a1569-3e77-4e2a-aeea-bbc6af922869	GET	/users	http://localhost:5173
20240603	15:25:56	0bff269b-9c0f-476d-a4a0-d8d29f31bce7	GET	/orders	http://localhost:5173
20240603	15:25:57	0c68b0bb-cd13-4ced-992b-9fb2c79ed29c	GET	/users	http://localhost:5173
20240603	15:26:00	cbe65f68-2f8c-4329-a3e2-a63a6911f889	GET	/users	http://localhost:5173
20240603	15:26:00	8eac4119-074a-40a5-a212-d45f6a0b9bbb	GET	/auth/refresh	http://localhost:5173
20240603	15:29:41	fd108be9-a411-462b-99b5-601660e204bb	GET	/auth/refresh	http://localhost:5173
20240603	15:29:43	3568e3e0-824b-45e3-bdb4-74091ddc13d7	GET	/auth/refresh	http://localhost:5173
20240603	15:29:44	0a45342c-0781-43d4-b6c1-227007b685c2	GET	/auth/refresh	http://localhost:5173
20240603	15:29:49	8b6435f3-e8f2-433a-bc1e-f3dd35a1621e	GET	/auth/refresh	http://localhost:5173
20240603	15:30:46	35b88b80-ff73-4fe5-a8c3-af24d3830ce6	GET	/auth/refresh	http://localhost:5173
20240603	15:30:54	b98dd73f-914b-4e96-8969-c4b288fff884	OPTIONS	/auth	http://localhost:5173
20240603	15:30:54	dcc06577-ae59-4204-8fbe-927fcfcf0f35	POST	/auth	http://localhost:5173
20240603	15:30:54	52f7163b-da76-40d2-a642-ac6eea6209c0	OPTIONS	/orders	http://localhost:5173
20240603	15:30:54	2ce5b49e-94aa-4cce-9aff-421defe69277	OPTIONS	/users	http://localhost:5173
20240603	15:30:54	b1b44197-6e41-4dd5-8520-0fc71d3ee5d7	OPTIONS	/reviews	http://localhost:5173
20240603	15:30:54	bc4be34b-15de-4c3c-9f3a-75f71f7ac3eb	GET	/orders	http://localhost:5173
20240603	15:30:54	a833237b-432c-4114-95f3-2210b5a4a1af	GET	/users	http://localhost:5173
20240603	15:30:54	64d4a1e4-1f56-4639-b62f-c8917d1b94d7	GET	/reviews	http://localhost:5173
20240603	15:30:55	1511ed59-1427-402b-abe8-58a0c67396ea	GET	/users	http://localhost:5173
20240603	15:30:55	402ccf20-db78-471d-bec7-1d5661d543cd	GET	/orders	http://localhost:5173
20240603	15:30:55	c9c83e5d-aa94-4c3d-80a0-ca1d54c32df4	GET	/reviews	http://localhost:5173
20240603	15:30:56	0968b3de-8b2e-4d65-8721-ec10689d263c	POST	/auth/logout	http://localhost:5173
20240603	15:30:57	1376195e-bec5-4f33-ba46-34ea1994675f	GET	/auth/refresh	http://localhost:5173
20240603	15:33:56	6d3bb67a-8af7-4d0a-9467-738182653eff	POST	/auth/logout	http://localhost:5173
20240603	15:33:56	c6986ed8-c6a0-44b5-90ac-c0231923a338	POST	/auth/logout	http://localhost:5173
20240603	15:33:57	cb29bab2-f25b-46be-a4e9-0e7b4929c1b8	GET	/auth/refresh	http://localhost:5173
20240603	15:33:59	c686fcbe-b629-43a1-8aa3-c25c905df98d	GET	/auth/refresh	http://localhost:5173
20240603	15:34:19	26e3ecb8-2a51-41b8-9ad2-7d0fd30bc267	OPTIONS	/auth	http://localhost:5173
20240603	15:34:20	b15448bd-a6d7-492a-bf08-13ca0dc9c1b5	POST	/auth	http://localhost:5173
20240603	15:34:20	16bc39db-8f3a-47d7-940b-a49b76ca5685	OPTIONS	/orders	http://localhost:5173
20240603	15:34:20	7aeeb7a1-1c01-4430-941f-f0ef3d3b6c68	OPTIONS	/users	http://localhost:5173
20240603	15:34:20	878de938-9fe7-46e2-8c14-cd83c039fe7b	OPTIONS	/reviews	http://localhost:5173
20240603	15:34:20	992004a9-ed5d-450e-9508-06dfd83a95b3	GET	/orders	http://localhost:5173
20240603	15:34:20	dfe1ebe9-1f50-4dc2-ba7d-f40addf30a5d	GET	/users	http://localhost:5173
20240603	15:34:20	6bce8ec9-a971-44e1-94a1-7132fbb25de1	GET	/reviews	http://localhost:5173
20240603	15:34:20	117d0c02-347d-40c7-b6f8-3ed9c7d3ffd5	GET	/orders	http://localhost:5173
20240603	15:34:22	7be9d0f2-396e-4905-affb-3d14ddd61479	GET	/users	http://localhost:5173
20240603	15:34:23	70929171-5722-4d55-8235-c47c0f296ac6	GET	/orders	http://localhost:5173
20240603	15:34:25	a5b0af95-0108-4927-a268-2fd1e19266c8	GET	/orders	http://localhost:5173
20240603	15:34:26	c53df768-743c-46d0-98ec-5bcd1e0bd1f2	OPTIONS	/users	http://localhost:5173
20240603	15:34:26	ed76b023-84cf-4aee-92f3-e5ad22d29810	GET	/users	http://localhost:5173
20240603	15:34:30	9d4b99c6-01a0-4932-bb11-16736dce860f	OPTIONS	/users	http://localhost:5173
20240603	15:34:30	4be9934f-83f5-44cf-95f6-db337abb5e4b	PATCH	/users	http://localhost:5173
20240603	15:34:30	d7814eef-69e0-4655-a1d1-7290e51af56a	GET	/users	http://localhost:5173
20240603	15:34:47	3c3ba74f-8855-4c56-b6a1-8663aa50f210	OPTIONS	/users	http://localhost:5173
20240603	15:34:47	579201f9-2612-4720-b37d-7968b8bad918	GET	/users	http://localhost:5173
20240603	15:34:48	44cf4645-a049-424f-8a96-78c3dc27dfa1	GET	/users	http://localhost:5173
20240603	15:34:49	23569317-4e5a-42dc-9657-81235c5f99e5	POST	/auth/logout	http://localhost:5173
20240603	15:34:52	19a124d7-172b-4d89-a908-cc5e62f4c025	GET	/orders	http://localhost:5173
20240603	15:34:52	12fde3cc-600b-4468-baa5-f17389d41dab	GET	/users	http://localhost:5173
20240603	15:34:52	f7df937b-a265-41a8-895e-27708a262dac	GET	/reviews	http://localhost:5173
20240603	15:34:56	245080f5-f6dc-4c3a-a59c-4daab0f41cbc	GET	/orders	http://localhost:5173
20240603	15:34:56	ef13f9fa-e885-48b0-8d8e-743d82585453	GET	/users	http://localhost:5173
20240603	15:34:56	e439023b-c045-45e4-9d6a-7494abe8a693	GET	/reviews	http://localhost:5173
20240603	15:35:03	64785ab4-d822-4a7d-87a1-dce01e3f2cea	OPTIONS	/auth	http://localhost:5173
20240603	15:35:03	24baabd6-23a8-47cc-9b39-a29261b945b2	POST	/auth	http://localhost:5173
20240603	15:35:03	180f9561-7fce-4996-8308-9d113c80336f	OPTIONS	/orders	http://localhost:5173
20240603	15:35:03	473880f8-2c2a-4bb9-81b8-d7f87aadee8c	OPTIONS	/users	http://localhost:5173
20240603	15:35:03	6c42b51c-5699-4c2e-b974-d87a2299cdfd	OPTIONS	/reviews	http://localhost:5173
20240603	15:35:03	4181e7a5-8714-46c5-84a2-decf5374f795	GET	/orders	http://localhost:5173
20240603	15:35:03	d987b93a-fbe3-400d-aff7-dfd31e9b6fe9	GET	/users	http://localhost:5173
20240603	15:35:03	dcf9d9c8-63a5-406f-a726-94f2374df21d	GET	/reviews	http://localhost:5173
20240603	15:35:04	054979ea-ecbf-4326-84aa-23e50d220fb5	GET	/users	http://localhost:5173
20240603	15:35:04	107cc1a0-77ac-462b-b4d9-b2fd27af782d	GET	/orders	http://localhost:5173
20240603	15:35:05	7a9e632e-2033-4c3e-8258-730558358424	GET	/reviews	http://localhost:5173
20240603	15:35:07	b115a941-bb30-4b64-8c93-77c754ce831a	POST	/auth/logout	http://localhost:5173
20240603	15:35:09	f99ee8c9-bb31-4ced-8066-fa31c6ecc5a2	GET	/orders	http://localhost:5173
20240603	15:35:09	7fbc1169-7391-4c87-b900-f1920155fdd7	GET	/users	http://localhost:5173
20240603	15:35:09	98340d48-f2a9-441e-badd-b70b84e9c345	GET	/reviews	http://localhost:5173
20240603	15:35:10	9d86b784-7840-4c54-874c-aab05101e8af	GET	/orders	http://localhost:5173
20240603	15:35:10	46b3d147-c2a7-4e98-8bff-b6a7a9ddbab8	GET	/users	http://localhost:5173
20240603	15:35:10	51f3f67d-18c3-49df-bf3b-f76f9ebaf8ff	GET	/reviews	http://localhost:5173
20240603	15:45:48	dd6108e3-6482-432d-bd22-b98201398cf4	GET	/orders	http://localhost:5173
20240603	15:45:49	ea0c6f7b-48fd-42f5-9328-b99e39387dd8	GET	/users	http://localhost:5173
20240603	15:45:49	315572d5-ea48-4cce-a189-2995b5928911	GET	/reviews	http://localhost:5173
20240603	15:45:56	23030b9f-56bd-4d42-8c2d-60f456f1e2ab	OPTIONS	/auth	http://localhost:5173
20240603	15:45:56	3bec6ad6-7532-4c60-a6ad-f6b3f37b846c	POST	/auth	http://localhost:5173
20240603	15:45:56	6b68179b-54fc-4739-b533-f097e622d24b	OPTIONS	/orders	http://localhost:5173
20240603	15:45:56	76ad85ba-8c2a-4e9b-8867-1bc1f17f190f	OPTIONS	/users	http://localhost:5173
20240603	15:45:56	a6d72e47-bf3b-4258-89f0-5240107b4848	OPTIONS	/reviews	http://localhost:5173
20240603	15:45:56	92b2a68d-7f6a-4876-b7fc-40efbc418865	GET	/orders	http://localhost:5173
20240603	15:45:56	aec6653c-b44a-4679-b2e9-25ec23bc9de9	GET	/users	http://localhost:5173
20240603	15:45:56	aabee715-62cb-4da6-864c-2584910a9a0a	GET	/reviews	http://localhost:5173
20240603	15:45:57	d41b8333-b2e8-4813-ad7a-1f2b43b6d555	GET	/orders	http://localhost:5173
20240603	15:45:57	eb961a3c-8ca1-4fb7-addb-2efcf42b45e8	GET	/users	http://localhost:5173
20240603	15:45:58	fedd18c2-8479-467e-8327-57f98da82348	GET	/reviews	http://localhost:5173
20240603	15:45:59	16aab92b-cdb1-4874-881b-ef2c6f93fe38	POST	/auth/logout	http://localhost:5173
20240603	15:46:06	73283e73-e39d-44b8-9620-c440d0f731ff	OPTIONS	/auth	http://localhost:5173
20240603	15:46:06	1b0e95c8-8239-406e-a9bf-361c05b013d0	POST	/auth	http://localhost:5173
20240603	15:46:06	981d771c-784e-4022-9852-edef1255b223	OPTIONS	/orders	http://localhost:5173
20240603	15:46:06	26c4ab55-d2f7-4f11-9c05-9f500320b122	OPTIONS	/users	http://localhost:5173
20240603	15:46:06	5b244eff-3bb9-4c95-83af-09a0c4a7a746	OPTIONS	/reviews	http://localhost:5173
20240603	15:46:06	27aff224-4e0a-4228-bfca-75a5df29d42b	GET	/orders	http://localhost:5173
20240603	15:46:06	c6f3f169-8fc5-4421-91c9-eae62b966fd1	GET	/users	http://localhost:5173
20240603	15:46:06	9323cc16-1cf9-4dfc-a418-99361eb1e125	GET	/reviews	http://localhost:5173
20240603	15:46:07	f2c823c9-0c45-4984-bbb8-942fd19a9dec	GET	/users	http://localhost:5173
20240603	15:46:07	2d2b06a6-7e56-4996-b2c3-4c72c02dec87	GET	/orders	http://localhost:5173
20240603	15:46:08	70532736-3e7e-4cb1-9da0-f7c90dca047c	GET	/reviews	http://localhost:5173
20240603	15:46:08	8cfe0364-95ad-4dc9-96b7-3349fdc4b1fb	GET	/users	http://localhost:5173
20240603	15:46:11	7fc91e4a-cebd-4418-8600-f542ac2d8db6	OPTIONS	/users	http://localhost:5173
20240603	15:46:11	d473b5ba-98c7-418f-870b-6e21750a9ad8	PATCH	/users	http://localhost:5173
20240603	15:46:11	64d6b5e9-09a4-443f-a16d-f076d94313c5	GET	/users	http://localhost:5173
20240603	15:46:13	f6a08b45-0793-4f1f-be77-0572b819e498	POST	/auth/logout	http://localhost:5173
20240603	16:19:21	80e941b1-59ac-485f-ad53-a4761067d573	OPTIONS	/auth	http://localhost:5173
20240603	16:19:21	3b3feeb1-d778-40bb-b52e-f43186f60cd0	POST	/auth	http://localhost:5173
20240603	16:19:22	5dabf09b-8066-41a6-956d-a548df5fb226	OPTIONS	/orders	http://localhost:5173
20240603	16:19:22	15fc6f26-a184-4e26-ae3f-45671d486901	OPTIONS	/users	http://localhost:5173
20240603	16:19:22	8ffb4f48-a6cf-4a9c-976f-c88b4dbbbeb7	OPTIONS	/reviews	http://localhost:5173
20240603	16:19:22	1acb1dc6-7484-4a73-a597-cb108f045bc1	GET	/reviews	http://localhost:5173
20240603	16:19:22	189347da-ae0a-4575-95c6-1aca91ce873d	GET	/orders	http://localhost:5173
20240603	16:19:22	debd54c6-892e-4037-970f-03848f618db0	GET	/users	http://localhost:5173
20240603	16:19:24	429788ef-c805-464c-804a-9c8a961401e3	GET	/users	http://localhost:5173
20240603	16:19:24	c109477b-ee47-4f68-83e5-bfb37a57002e	GET	/orders	http://localhost:5173
20240603	16:19:28	12902ba5-7560-4232-9b31-67b263eb5c91	OPTIONS	/orders	http://localhost:5173
20240603	16:19:28	bae896dc-a48a-428e-b087-3af997f8ab96	PATCH	/orders	http://localhost:5173
20240603	16:19:28	2f7057ce-29c9-46d7-831a-d9dd9720d359	GET	/orders	http://localhost:5173
20240603	16:19:29	6f85684c-1568-4966-ad16-a2ebbc5f9e34	POST	/auth/logout	http://localhost:5173
20240603	16:24:33	fc65a5ce-e99d-4720-a146-2560de77a380	OPTIONS	/auth	http://localhost:5173
20240603	16:24:33	6889cf57-2939-4e1d-80f6-98f1073d50be	POST	/auth	http://localhost:5173
20240603	16:24:33	ba02e858-5de5-42e1-9818-a4304529e507	OPTIONS	/orders	http://localhost:5173
20240603	16:24:33	9c909377-a5be-400e-8661-9c096394a83e	OPTIONS	/users	http://localhost:5173
20240603	16:24:33	bc43fe0e-3722-443f-b8f8-46bb05166100	OPTIONS	/reviews	http://localhost:5173
20240603	16:24:33	3c02c6db-3932-4403-8a17-3dc01f4a90a8	GET	/orders	http://localhost:5173
20240603	16:24:33	41bc1002-523a-4410-b0d8-abcdb5d6f437	GET	/users	http://localhost:5173
20240603	16:24:33	89ba9252-98c4-4e2c-9a17-88b41e5d5241	GET	/reviews	http://localhost:5173
20240603	16:24:34	09d5f322-3501-4223-ad9e-737cf02a8739	GET	/users	http://localhost:5173
20240603	16:24:34	0234a327-74f3-49bf-a092-99834fb6a5f2	GET	/orders	http://localhost:5173
20240603	16:24:38	f6ef12d6-166f-4d93-b771-67bb28ef412c	OPTIONS	/orders	http://localhost:5173
20240603	16:24:38	3c410b15-1c71-467d-b743-836fdc2232d4	PATCH	/orders	http://localhost:5173
20240603	16:24:39	ac9386e2-78d6-401e-b984-c7250863d5ca	GET	/orders	http://localhost:5173
20240603	16:24:40	375bdb98-20b0-4c4f-833f-fd34f1bb012b	OPTIONS	/reviews	http://localhost:5173
20240603	16:24:40	28dfb102-77cf-470c-b7d2-0f6a3f2cc39c	GET	/reviews	http://localhost:5173
20240603	16:24:41	881368d5-addd-46ac-93d1-2ed647cca63f	POST	/auth/logout	http://localhost:5173
20240603	16:24:42	9051d2d6-53da-43e6-9935-fd6d72f34b4e	POST	/auth/logout	http://localhost:5173
20240603	16:26:43	29686e30-0f37-4cc9-85e8-15e6a23e865e	OPTIONS	/auth	http://localhost:5173
20240603	16:26:43	769cf85c-ab73-4683-97cb-ba828b252c6e	POST	/auth	http://localhost:5173
20240603	16:26:45	6b272676-05e1-48c3-bf35-6d520f0f0dd8	POST	/auth	http://localhost:5173
20240603	16:26:49	918c338c-8669-4c22-a68e-cc16fa443873	OPTIONS	/auth	http://localhost:5173
20240603	16:26:49	ea315116-3d7a-49f1-b7f9-f5a7acc72d5a	POST	/auth	http://localhost:5173
20240603	16:26:50	d0106634-0738-46c2-8431-3fd4c75d72f6	OPTIONS	/orders	http://localhost:5173
20240603	16:26:50	16aff73c-6549-49dc-beb1-488e9ebfa466	OPTIONS	/reviews	http://localhost:5173
20240603	16:26:50	c6d30ba6-6fe0-45f8-ae79-c0b873184f5a	GET	/orders	http://localhost:5173
20240603	16:26:50	aed1a9cd-b8fa-4738-b94f-af2e978397c0	OPTIONS	/users	http://localhost:5173
20240603	16:26:50	03f4fbb4-f831-44f8-aed9-bb5170df9d91	GET	/reviews	http://localhost:5173
20240603	16:26:50	04387ccb-e722-4c74-9f06-ba854e711630	GET	/users	http://localhost:5173
20240603	16:26:51	4b7c09ef-30d0-4b5b-9abd-ef9fca34cb6d	GET	/users	http://localhost:5173
20240603	16:26:51	8ce65e15-2f70-4962-ab8a-a21d37fe3a9f	GET	/orders	http://localhost:5173
20240603	16:26:52	86584cf8-396d-4b76-afc3-6d764cc46495	GET	/users	http://localhost:5173
20240603	16:27:07	a4243d3e-975d-4c9b-8c80-00fbfd87ffed	OPTIONS	/users	http://localhost:5173
20240603	16:27:07	ac8c24bb-a5bc-4014-aa1d-3a0ea8ea4751	POST	/users	http://localhost:5173
20240603	16:27:08	fea7b7a7-fa01-4c28-8e58-87523c1afaaf	GET	/users	http://localhost:5173
20240603	16:27:09	be6cb5a3-4efc-4524-a248-90d892167c79	OPTIONS	/reviews	http://localhost:5173
20240603	16:27:09	00d8a0cb-259a-4417-af6a-05f4d3f69e6b	GET	/reviews	http://localhost:5173
20240603	16:27:10	44dd0f5f-12dd-43da-944b-a2a196eb7ea4	OPTIONS	/orders	http://localhost:5173
20240603	16:27:10	d912f511-930e-4fe1-9474-fbbab45f424b	GET	/orders	http://localhost:5173
20240603	16:27:19	5198f27a-e493-475e-9298-34c65a69b7a6	OPTIONS	/orders	http://localhost:5173
20240603	16:27:19	d9d126b2-45e2-415f-a092-e3f7aa59cd6f	POST	/orders	http://localhost:5173
20240603	16:27:19	f2a73942-548a-485f-a372-98dfef7529ab	GET	/orders	http://localhost:5173
20240603	16:27:24	4a41d108-5523-4cbe-aa5d-1fdd3405c77e	OPTIONS	/orders	http://localhost:5173
20240603	16:27:24	9e1edd18-2d9b-4e80-bbf6-61114473f797	DELETE	/orders	http://localhost:5173
20240603	16:27:24	c63ae7b7-9d36-49e5-9cf6-9e2f5f2542e2	GET	/orders	http://localhost:5173
20240603	16:27:26	fbaa57ad-47bc-4b4d-9e8c-19e3cead52e2	POST	/auth/logout	http://localhost:5173
20240603	16:33:58	dbb8c7ff-4e48-40c1-864c-49775cc7954c	OPTIONS	/auth	http://localhost:5173
20240603	16:33:58	3f45b976-a079-4b43-b107-3565dbb228ce	POST	/auth	http://localhost:5173
20240603	16:33:58	c89c3798-2b47-448c-9b1e-e7a85b6a2816	OPTIONS	/orders	http://localhost:5173
20240603	16:33:58	7fbd996d-a123-40ed-b4d1-24e0ae545c0f	OPTIONS	/users	http://localhost:5173
20240603	16:33:58	af825d1a-8b85-4105-8023-3451e18c79ef	OPTIONS	/reviews	http://localhost:5173
20240603	16:33:58	f24f50da-4458-492e-b888-47d4a000ea59	GET	/orders	http://localhost:5173
20240603	16:33:58	65623c7e-06f9-4ad0-922b-03c168b94a2b	GET	/users	http://localhost:5173
20240603	16:33:58	9b0f6e11-6ac0-4cbc-9334-6369dceb5c65	GET	/reviews	http://localhost:5173
20240603	16:33:59	76acb69d-e5d7-4700-a97d-a1d3e68cf29d	GET	/users	http://localhost:5173
20240603	16:33:59	f1ea3f49-2158-49ad-b4f7-d613cfef9ce8	GET	/orders	http://localhost:5173
20240603	16:34:00	5a7bf102-7378-41a7-b148-a6a9c8b1518e	GET	/users	http://localhost:5173
20240603	16:34:03	02ec3dfc-5e2a-4805-9fc1-5b1cbf3921b1	OPTIONS	/users	http://localhost:5173
20240603	16:34:03	b0c67659-7ff1-43e8-a5d4-390aedd9b395	DELETE	/users	http://localhost:5173
20240603	16:34:03	7736023a-abd7-41bc-9e0f-45ec97b6c27f	GET	/users	http://localhost:5173
20240603	16:37:42	633d27e2-46b2-496c-97df-47dc27c615d3	POST	/auth/logout	http://localhost:5173
20240603	16:37:43	ef56ce9b-6613-477f-a309-ea8fba6062f1	POST	/auth/logout	http://localhost:5173
20240603	16:37:51	4e058568-b16a-499a-bdcc-1911e71d0e5d	OPTIONS	/auth	http://localhost:5173
20240603	16:37:51	4dc23256-e506-4ae7-845e-683f0342b683	POST	/auth	http://localhost:5173
20240603	16:37:52	b59dd111-7253-4174-9e48-dae24a3be3fc	OPTIONS	/orders	http://localhost:5173
20240603	16:37:52	a9033402-25bc-4244-ba54-b7bf66b00d98	OPTIONS	/users	http://localhost:5173
20240603	16:37:52	f056dace-5602-460e-aa20-76bcad2c769f	OPTIONS	/reviews	http://localhost:5173
20240603	16:37:52	39a5c784-b541-4372-9346-5f1bb1d64cc5	GET	/orders	http://localhost:5173
20240603	16:37:52	09e98109-3bfc-47e6-8469-05b6c1c899b6	GET	/users	http://localhost:5173
20240603	16:37:52	41ea889f-d267-42fb-ae07-59d5c9d15dcd	GET	/reviews	http://localhost:5173
20240603	16:37:53	90b97ddd-eb9d-40e2-9bf9-92341199739b	GET	/users	http://localhost:5173
20240603	16:37:57	132a7095-49ad-4d73-8fc3-679c63c78a80	OPTIONS	/users	http://localhost:5173
20240603	16:37:57	184b231e-0ba1-4fdb-9339-03c00ac90500	PATCH	/users	http://localhost:5173
20240603	16:37:57	05d3acbf-780a-4c08-be81-d276a6e3a6a6	GET	/users	http://localhost:5173
20240603	16:38:01	0628cf3b-ff80-44ae-8d12-a5fc166e301e	OPTIONS	/orders	http://localhost:5173
20240603	16:38:01	8cbbe3cb-6a92-45c4-9c79-5a6e3f68851e	GET	/orders	http://localhost:5173
20240603	16:38:04	652dfdd7-5836-45ef-b83a-03386aad2912	OPTIONS	/orders	http://localhost:5173
20240603	16:38:04	4fd39d89-4bcd-47f9-b973-edafd971dcd1	PATCH	/orders	http://localhost:5173
20240603	16:38:04	a4a09144-d30b-4814-8fd7-b69c3dabd4b6	GET	/orders	http://localhost:5173
20240603	16:38:17	091d6999-54db-4554-970c-b5ff9f5ad584	OPTIONS	/orders	http://localhost:5173
20240603	16:38:17	372e2750-d4d1-4622-ad07-aa22c3c47070	POST	/orders	http://localhost:5173
20240603	16:38:17	97353063-66c0-4733-82ba-18c014518d7c	GET	/orders	http://localhost:5173
20240603	16:38:21	58ae0021-ccd7-4ca7-b168-81d98982eea0	DELETE	/orders	http://localhost:5173
20240603	16:38:22	91d09a6d-e56e-4867-a865-2eee157424e6	GET	/orders	http://localhost:5173
20240603	16:38:22	0f156e26-a0ca-41d7-b42a-b58f18274f96	OPTIONS	/reviews	http://localhost:5173
20240603	16:38:22	9af55900-c29d-4a7b-9863-eac8dc56bb40	GET	/reviews	http://localhost:5173
20240603	16:38:25	16e2cf07-aa1b-44ab-bbfd-95c7a0419213	GET	/reviews	http://localhost:5173
20240603	16:38:25	89556a09-4027-4075-b544-f229b91098cf	POST	/auth/logout	http://localhost:5173
20240603	16:38:35	c71f6348-66a8-4613-84ba-a05098ea5aa9	OPTIONS	/auth	http://localhost:5173
20240603	16:38:35	fe8bf1c4-c89a-41b8-828a-e3cd853a3c3d	POST	/auth	http://localhost:5173
20240603	16:38:35	a72f4c06-b30b-46cb-b662-5637d5d5fee0	OPTIONS	/orders	http://localhost:5173
20240603	16:38:35	cff6c75d-cfaf-4c08-8687-e95e05ffdbf9	OPTIONS	/users	http://localhost:5173
20240603	16:38:35	524705bc-f582-41d6-ae72-b0426f00c1d6	OPTIONS	/reviews	http://localhost:5173
20240603	16:38:35	b5ef6f98-35c3-4cb5-9d1d-82124733a23d	GET	/orders	http://localhost:5173
20240603	16:38:35	01732542-6aa0-49f1-aa23-ca0f2c967732	GET	/users	http://localhost:5173
20240603	16:38:35	3ed0de91-024e-4be4-8c7a-3b50685f1392	GET	/reviews	http://localhost:5173
20240603	16:38:36	79c9b9ae-c87a-4ab1-b505-ad0cc4c59720	GET	/users	http://localhost:5173
20240603	16:38:36	50f267aa-dd52-4547-9c09-5f5ad19aaa37	GET	/orders	http://localhost:5173
20240603	16:38:36	9fa7eec5-1e42-46de-8598-4058d4e477cd	GET	/reviews	http://localhost:5173
20240603	16:38:37	14bf5c94-5587-4083-8e45-cd15864d2e2b	GET	/orders	http://localhost:5173
20240603	16:38:38	650874ae-50a9-413f-ab38-90fda309a633	POST	/auth/logout	http://localhost:5173
20240603	16:38:39	9ebdbabd-9b38-4d12-9e8a-8a388c5c2c63	GET	/auth/refresh	http://localhost:5173
20240603	16:38:42	93efa95c-e96b-4aa9-9a8b-61569455d380	GET	/auth/refresh	http://localhost:5173
20240603	16:45:36	3ed7f83d-81e7-4e4b-b278-67a8ff132080	GET	/auth/refresh	http://localhost:5173
20240603	16:45:46	abc0de93-a284-4d68-844e-2e1384cd55b7	GET	/auth/refresh	http://localhost:5173
20240603	16:45:48	00c29aa6-b6b0-4072-9368-d5ee40f459b9	GET	/auth/refresh	http://localhost:5173
20240603	16:45:57	70e8f951-4651-4bd5-83c6-a08153d71091	OPTIONS	/auth	http://localhost:5173
20240603	16:45:57	68dfb1e8-7c22-4d54-9f53-3fb4f91e4534	POST	/auth	http://localhost:5173
20240603	16:45:57	d3ed49cc-0fc2-42b4-8e67-b9a48f175f04	OPTIONS	/orders	http://localhost:5173
20240603	16:45:57	889d515a-f7c1-4201-ba8b-8b4bbc425431	OPTIONS	/users	http://localhost:5173
20240603	16:45:57	01742216-b3dc-423b-9494-2042f7e37eed	OPTIONS	/reviews	http://localhost:5173
20240603	16:45:57	4142ea71-c4b5-4f48-b1a2-8b4f72e5de7e	GET	/orders	http://localhost:5173
20240603	16:45:58	97d0bcea-5eee-415c-9643-6611c4b188e7	GET	/users	http://localhost:5173
20240603	16:45:58	ab7e8c84-a2ba-4633-b58f-66e0ff66ed21	GET	/reviews	http://localhost:5173
20240603	16:45:58	8da405ef-9852-4f4b-9140-380d6247fe9d	GET	/users	http://localhost:5173
20240603	16:45:58	d0c67b72-9d94-4bf5-bbc8-7e845b698eea	GET	/orders	http://localhost:5173
20240603	16:45:59	383932a1-6f86-4a3b-9fc1-801529908239	GET	/reviews	http://localhost:5173
20240603	16:46:00	c8f14b72-e155-4e4c-b4b1-ef2e40dfa0b4	POST	/auth/logout	http://localhost:5173
20240603	16:46:08	e499839f-26f7-421b-8032-dd9bf8a546d9	OPTIONS	/auth	http://localhost:5173
20240603	16:46:08	46ba5f4d-36de-4a1b-9da0-e9bd4524dce8	POST	/auth	http://localhost:5173
20240603	16:46:08	d2af30e9-819f-4563-b51d-d694c1d6cb68	OPTIONS	/orders	http://localhost:5173
20240603	16:46:08	878aa0b7-d9a5-47f8-93eb-f5fb650eb5ca	OPTIONS	/users	http://localhost:5173
20240603	16:46:08	3d7a22c1-85a4-4ecc-b4be-c4cb35ebcbcd	OPTIONS	/reviews	http://localhost:5173
20240603	16:46:08	244f013d-ce21-44ef-8d36-3d28f4e0a7ad	GET	/orders	http://localhost:5173
20240603	16:46:08	f5ac6a74-75ba-41cf-970c-44fe5c03e24e	GET	/users	http://localhost:5173
20240603	16:46:08	d2e99d11-7294-458c-8207-8fab52091459	GET	/reviews	http://localhost:5173
20240603	16:46:09	5bae6436-6895-49bd-b38a-001c5fae40cf	GET	/orders	http://localhost:5173
20240603	16:46:09	3292d577-b0cb-404c-b406-7d316cb7efaf	GET	/reviews	http://localhost:5173
20240603	16:46:10	1bf9e042-eefd-42ac-add5-53fd9dee86be	GET	/orders	http://localhost:5173
20240603	16:46:11	e58595b0-9603-4880-b00c-85ad4227bc19	GET	/orders	http://localhost:5173
20240603	16:46:14	fd511df2-e7ff-46e8-b0f6-743a7c8c94f0	OPTIONS	/reviews	http://localhost:5173
20240603	16:46:14	4f546388-a925-4778-9996-53632afe99fc	GET	/reviews	http://localhost:5173
20240603	16:46:17	64993a0a-06bf-455e-b4cd-1599561db08a	OPTIONS	/reviews	http://localhost:5173
20240603	16:46:17	4f853c8e-ccee-4bc9-80aa-cc4c30ea6e7c	PATCH	/reviews	http://localhost:5173
20240603	16:46:19	c440f7f8-fe05-467a-be83-461eed1face4	OPTIONS	/orders	http://localhost:5173
20240603	16:46:19	315c8e5c-cf93-4ed4-b1e2-980b956f145e	GET	/orders	http://localhost:5173
20240603	16:46:20	b81cbc04-2d77-49c4-922f-62a02f727d78	GET	/orders	http://localhost:5173
20240603	16:46:20	73ac6c14-7c97-43cb-9fdf-db3607b59543	GET	/reviews	http://localhost:5173
20240603	16:46:21	fee914d7-07f5-4dc9-beb7-87ad22974dbd	POST	/auth/logout	http://localhost:5173
20240603	16:46:48	648cbc30-e2c9-4925-84aa-24c85aa8a8ab	GET	/users	http://localhost:5173
20240603	16:46:48	1c8c4abc-1f0e-40e7-9d1d-f8e17925eaaa	GET	/orders	http://localhost:5173
20240603	16:46:48	e9c06cf7-7a7b-4331-945c-b8b75abe3b35	GET	/reviews	http://localhost:5173
20240603	16:46:55	8db005a7-b912-4784-9b90-5f0b9755a6bd	GET	/users	http://localhost:5173
20240603	16:46:55	45d81e48-85a6-41be-bba1-4c52f90a2a94	GET	/orders	http://localhost:5173
20240603	16:46:55	c11b8c1b-92ca-4da7-ad52-46cd8ffbd69e	GET	/reviews	http://localhost:5173
20240603	16:46:56	8421b57f-6f47-46e2-a863-7873d1ff54d6	GET	/orders	http://localhost:5173
20240603	16:46:56	ad3af4d5-f180-477e-aaf6-d63de75cba77	GET	/users	http://localhost:5173
20240603	16:46:56	a4ed5b81-a295-4f8d-9584-0f200187af7a	GET	/reviews	http://localhost:5173
20240603	16:47:04	d11b61be-1fbe-4a29-a1e6-9abc96dea5b1	OPTIONS	/auth	http://localhost:5173
20240603	16:47:04	cf6b46fd-c212-46f8-87a2-c10bdd71c963	POST	/auth	http://localhost:5173
20240603	16:47:08	dcbaa430-5bfe-4335-8c9e-7e703663c79e	POST	/auth	http://localhost:5173
20240603	16:47:08	27c3b195-ebd0-4e5e-a81c-155f58e1ad93	OPTIONS	/orders	http://localhost:5173
20240603	16:47:08	cf4b2490-8e12-4ff7-9eff-34a67aa04974	OPTIONS	/users	http://localhost:5173
20240603	16:47:08	0a3763fc-2d42-41c2-b620-7b7bcc916fc0	OPTIONS	/reviews	http://localhost:5173
20240603	16:47:08	5b18d167-634d-4f25-a81d-8a27d6d0f718	GET	/orders	http://localhost:5173
20240603	16:47:08	4c034ccf-c04f-4495-b04f-8417166d2946	GET	/users	http://localhost:5173
20240603	16:47:08	2ff75449-e758-4388-8e7f-c73a52dfc82b	GET	/reviews	http://localhost:5173
20240603	16:47:09	378d4588-ea3a-4af4-b44d-fc6599f69f8c	GET	/users	http://localhost:5173
20240603	16:47:10	4467cb5f-441e-4888-aede-025a989e53bb	GET	/orders	http://localhost:5173
20240603	16:47:10	e22ef94a-1986-4e8f-8b8e-c51ce066da7f	GET	/reviews	http://localhost:5173
20240603	16:47:10	59315b9b-2c11-46ec-bf90-45309371660e	GET	/orders	http://localhost:5173
20240603	16:47:12	91a14662-a967-44db-9571-353fd71aface	POST	/auth/logout	http://localhost:5173
20240603	16:47:14	9854626f-9931-45c6-9e9a-44c79b4fa86a	GET	/orders	http://localhost:5173
20240603	16:47:14	6efa3173-5044-4eea-93ac-7f2e9b5383ae	GET	/users	http://localhost:5173
20240603	16:47:14	b653b326-3aae-4d06-8e08-5e86c2614b3a	GET	/reviews	http://localhost:5173
